<?xml version="1.0" encoding="UTF-8"?>
<!-- Generated by org.testng.reporters.JUnitReportReporter -->
<testsuite hostname="LAPTOP-CHRKM7BS" failures="0" tests="1" name="Demo.Test1" time="9.266" errors="0" timestamp="2021-05-05T21:14:22 EDT" skipped="0">
  <testcase classname="Demo.Test1" name="test1" time="9.266"/>
  <system-out/>
</testsuite> <!-- Demo.Test1 -->
