<?xml version="1.0" encoding="UTF-8"?>
<!-- Generated by org.testng.reporters.JUnitReportReporter -->
<testsuite hostname="LAPTOP-CHRKM7BS" failures="0" tests="1" name="Test.TestNGDemo2" time="4.975" errors="0" timestamp="2021-04-19T16:02:14 EDT" skipped="0">
  <testcase classname="Test.TestNGDemo2" name="googleSearch2" time="4.975"/>
  <system-out/>
</testsuite> <!-- Test.TestNGDemo2 -->
