<?xml version="1.0" encoding="UTF-8"?>
<!-- Generated by org.testng.reporters.JUnitReportReporter -->
<testsuite hostname="LAPTOP-CHRKM7BS" failures="0" tests="2" name="Test.ExtentReportsDemoTestNG" time="0.032" errors="0" timestamp="2021-04-18T16:10:20 EDT" skipped="0">
  <testcase classname="Test.ExtentReportsDemoTestNG" name="test2" time="0.011"/>
  <system-out/>
  <testcase classname="Test.ExtentReportsDemoTestNG" name="test1" time="0.021"/>
  <system-out/>
</testsuite> <!-- Test.ExtentReportsDemoTestNG -->
