<?xml version="1.0" encoding="UTF-8"?>
<!-- Generated by org.testng.reporters.JUnitReportReporter -->
<testsuite hostname="LAPTOP-CHRKM7BS" failures="0" tests="3" name="listeners.TestNGListenerDemo3_Seleniumexample" time="14.743" errors="0" timestamp="2021-05-05T18:25:01 EDT" skipped="1">
  <testcase classname="listeners.TestNGListenerDemo3_Seleniumexample" name="test7" time="0.006"/>
  <system-out/>
  <testcase classname="listeners.TestNGListenerDemo3_Seleniumexample" name="test9" time="0.003">
    <skipped/>
  </testcase> <!-- test9 -->
  <system-out/>
  <testcase classname="listeners.TestNGListenerDemo3_Seleniumexample" name="test8" time="14.734"/>
  <system-out/>
</testsuite> <!-- listeners.TestNGListenerDemo3_Seleniumexample -->
