<?xml version="1.0" encoding="UTF-8"?>
<!-- Generated by org.testng.reporters.JUnitReportReporter -->
<testsuite hostname="LAPTOP-CHRKM7BS" failures="0" tests="1" name="Test.DesiredCapabilitiesDemo" time="3.336" errors="0" timestamp="2021-04-18T17:24:26 EDT" skipped="0">
  <testcase classname="Test.DesiredCapabilitiesDemo" name="googleSearch" time="3.336"/>
  <system-out/>
</testsuite> <!-- Test.DesiredCapabilitiesDemo -->
