<?xml version="1.0" encoding="UTF-8"?>
<!-- Generated by org.testng.reporters.JUnitReportReporter -->
<testsuite hostname="LAPTOP-CHRKM7BS" failures="0" tests="3" name="Utils.ExcelDataProvider2Seleniumexample" time="8.515" errors="0" timestamp="2021-04-27T20:59:11 EDT" skipped="0">
  <testcase classname="Utils.ExcelDataProvider2Seleniumexample" name="test1" time="2.478"/>
  <system-out/>
  <testcase classname="Utils.ExcelDataProvider2Seleniumexample" name="test1" time="2.589"/>
  <system-out/>
  <testcase classname="Utils.ExcelDataProvider2Seleniumexample" name="test1" time="3.448"/>
  <system-out/>
</testsuite> <!-- Utils.ExcelDataProvider2Seleniumexample -->
