<?xml version="1.0" encoding="UTF-8"?>
<!-- Generated by org.testng.reporters.JUnitReportReporter -->
<testsuite hostname="LAPTOP-CHRKM7BS" failures="0" tests="3" name="Utils.ExcelDataProvider" time="0.019" errors="0" timestamp="2021-04-27T20:24:56 EDT" skipped="0">
  <testcase classname="Utils.ExcelDataProvider" name="test1" time="0.010"/>
  <system-out/>
  <testcase classname="Utils.ExcelDataProvider" name="test1" time="0.005"/>
  <system-out/>
  <testcase classname="Utils.ExcelDataProvider" name="test1" time="0.004"/>
  <system-out/>
</testsuite> <!-- Utils.ExcelDataProvider -->
