<?xml version="1.0" encoding="UTF-8"?>
<!-- Generated by org.testng.reporters.JUnitReportReporter -->
<testsuite hostname="LAPTOP-CHRKM7BS" failures="0" tests="3" name="listeners.TestNGListenerDemo2" time="0.020" errors="0" timestamp="2021-05-05T18:25:01 EDT" skipped="1">
  <testcase classname="listeners.TestNGListenerDemo2" name="test6" time="0.005">
    <skipped/>
  </testcase> <!-- test6 -->
  <system-out/>
  <testcase classname="listeners.TestNGListenerDemo2" name="test4" time="0.007"/>
  <system-out/>
  <testcase classname="listeners.TestNGListenerDemo2" name="test5" time="0.008"/>
  <system-out/>
</testsuite> <!-- listeners.TestNGListenerDemo2 -->
