<?xml version="1.0" encoding="UTF-8"?>
<!-- Generated by org.testng.reporters.JUnitReportReporter -->
<testsuite hostname="LAPTOP-CHRKM7BS" failures="0" tests="1" name="Test.TestNGDemo" time="6.822" errors="0" timestamp="2021-04-22T18:14:02 EDT" skipped="0">
  <testcase classname="Test.TestNGDemo" name="googleSearch" time="6.822"/>
  <system-out/>
</testsuite> <!-- Test.TestNGDemo -->
