<?xml version="1.0" encoding="UTF-8"?>
<!-- Generated by org.testng.reporters.JUnitReportReporter -->
<testsuite hostname="LAPTOP-CHRKM7BS" failures="0" tests="1" name="TestNGIgnoreDemo" time="0.017" errors="0" timestamp="2021-05-04T20:05:10 EDT" skipped="0">
  <testcase classname="TestNGIgnoreDemo" name="test2" time="0.017"/>
  <system-out/>
</testsuite> <!-- TestNGIgnoreDemo -->
