<?xml version="1.0" encoding="UTF-8"?>
<!-- Generated by org.testng.reporters.JUnitReportReporter -->
<testsuite hostname="LAPTOP-CHRKM7BS" failures="0" tests="1" name="Test.Test1_GoogleSearch" time="8.846" errors="0" timestamp="2021-04-16T19:31:17 EDT" skipped="0">
  <testcase classname="Test.Test1_GoogleSearch" name="googleSearch" time="8.846"/>
  <system-out/>
</testsuite> <!-- Test.Test1_GoogleSearch -->
