<?xml version="1.0" encoding="UTF-8"?>
<!-- Generated by org.testng.reporters.JUnitReportReporter -->
<testsuite hostname="LAPTOP-CHRKM7BS" failures="0" tests="4" name="DemoTestNGGroup.TestNGGroupingDemo" time="0.014" errors="0" timestamp="2021-05-04T17:57:57 EDT" skipped="0">
  <testcase classname="DemoTestNGGroup.TestNGGroupingDemo" name="test2" time="0.004"/>
  <system-out/>
  <testcase classname="DemoTestNGGroup.TestNGGroupingDemo" name="test3" time="0.003"/>
  <system-out/>
  <testcase classname="DemoTestNGGroup.TestNGGroupingDemo" name="test4" time="0.003"/>
  <system-out/>
  <testcase classname="DemoTestNGGroup.TestNGGroupingDemo" name="test1" time="0.004"/>
  <system-out/>
</testsuite> <!-- DemoTestNGGroup.TestNGGroupingDemo -->
