<?xml version="1.0" encoding="UTF-8"?>
<!-- Generated by org.testng.reporters.JUnitReportReporter -->
<testsuite hostname="LAPTOP-CHRKM7BS" failures="0" tests="3" name="demoTestNGPriority.TestNGPriorityDemo" time="0.058" errors="0" timestamp="2021-05-01T16:18:06 EDT" skipped="0">
  <testcase classname="demoTestNGPriority.TestNGPriorityDemo" name="test2" time="0.040"/>
  <system-out/>
  <testcase classname="demoTestNGPriority.TestNGPriorityDemo" name="test1" time="0.004"/>
  <system-out/>
  <testcase classname="demoTestNGPriority.TestNGPriorityDemo" name="test3" time="0.014"/>
  <system-out/>
</testsuite> <!-- demoTestNGPriority.TestNGPriorityDemo -->
