<?xml version="1.0" encoding="UTF-8"?>
<!-- Generated by org.testng.reporters.JUnitReportReporter -->
<testsuite hostname="LAPTOP-CHRKM7BS" failures="0" tests="4" name="DemoTestNGGroup.TestNGGroupingDemo2" time="0.031" errors="0" timestamp="2021-05-04T17:57:57 EDT" skipped="0">
  <testcase classname="DemoTestNGGroup.TestNGGroupingDemo2" name="test2" time="0.008"/>
  <system-out/>
  <testcase classname="DemoTestNGGroup.TestNGGroupingDemo2" name="test3" time="0.004"/>
  <system-out/>
  <testcase classname="DemoTestNGGroup.TestNGGroupingDemo2" name="test4" time="0.005"/>
  <system-out/>
  <testcase classname="DemoTestNGGroup.TestNGGroupingDemo2" name="test1" time="0.014"/>
  <system-out/>
</testsuite> <!-- DemoTestNGGroup.TestNGGroupingDemo2 -->
