<?xml version="1.0" encoding="UTF-8"?>
<!-- Generated by org.testng.reporters.JUnitReportReporter -->
<testsuite hostname="LAPTOP-CHRKM7BS" failures="0" tests="2" name="Test.ExtentReportsDemoTestNG2" time="3.373" errors="0" timestamp="2021-04-18T16:15:27 EDT" skipped="0">
  <testcase classname="Test.ExtentReportsDemoTestNG2" name="test1" time="2.951"/>
  <system-out/>
  <testcase classname="Test.ExtentReportsDemoTestNG2" name="test2" time="0.422"/>
  <system-out/>
</testsuite> <!-- Test.ExtentReportsDemoTestNG2 -->
