<?xml version="1.0" encoding="UTF-8"?>
<!-- Generated by org.testng.reporters.JUnitReportReporter -->
<testsuite hostname="LAPTOP-CHRKM7BS" failures="0" tests="3" name="TestNGDependancyDemo" time="0.024" errors="0" timestamp="2021-05-04T18:14:55 EDT" skipped="0">
  <testcase classname="TestNGDependancyDemo" name="test2" time="0.013"/>
  <system-out/>
  <testcase classname="TestNGDependancyDemo" name="test3" time="0.009"/>
  <system-out/>
  <testcase classname="TestNGDependancyDemo" name="test1" time="0.002"/>
  <system-out/>
</testsuite> <!-- TestNGDependancyDemo -->
