<?xml version="1.0" encoding="UTF-8"?>
<!-- Generated by org.testng.reporters.JUnitReportReporter -->
<testsuite hostname="LAPTOP-CHRKM7BS" failures="0" tests="3" name="DemoMultiBrowser.TestNGMultiBrowserDemo" time="27.483" errors="0" timestamp="2021-05-02T11:03:29 EDT" skipped="0">
  <testcase classname="DemoMultiBrowser.TestNGMultiBrowserDemo" name="test1" time="8.514"/>
  <system-out/>
  <testcase classname="DemoMultiBrowser.TestNGMultiBrowserDemo" name="test1" time="11.647"/>
  <system-out/>
  <testcase classname="DemoMultiBrowser.TestNGMultiBrowserDemo" name="test1" time="7.322"/>
  <system-out/>
</testsuite> <!-- DemoMultiBrowser.TestNGMultiBrowserDemo -->
