<?xml version="1.0" encoding="UTF-8"?>
<!-- Generated by org.testng.reporters.JUnitReportReporter -->
<testsuite hostname="LAPTOP-CHRKM7BS" failures="0" tests="1" name="TestNGParameters.TestNGParametersDemo" time="0.016" errors="0" timestamp="2021-05-02T20:02:10 EDT" skipped="0">
  <testcase classname="TestNGParameters.TestNGParametersDemo" name="test" time="0.016"/>
  <system-out/>
</testsuite> <!-- TestNGParameters.TestNGParametersDemo -->
